{
"/var/www/server/service/account.js":{"path":"/var/www/server/service/account.js","s":{"1":1,"2":1,"3":1,"4":1,"5":1,"6":1,"7":1,"8":1,"9":1,"10":1,"11":1,"12":1,"13":6,"14":6,"15":3,"16":3,"17":3,"18":3,"19":3,"20":1,"21":2,"22":2,"23":0,"24":2,"25":1,"26":1,"27":1,"28":1,"29":1,"30":1,"31":0,"32":1,"33":0,"34":0,"35":0,"36":0,"37":1,"38":0,"39":0,"40":0,"41":0,"42":0,"43":1,"44":0,"45":0,"46":0,"47":0},"b":{"1":[3,3],"2":[0,2],"3":[1,1],"4":[1,0],"5":[0,0],"6":[0,0],"7":[0,0]},"f":{"1":6,"2":2,"3":2,"4":0,"5":0,"6":0},"fnMap":{"1":{"name":"(anonymous_1)","line":20,"loc":{"start":{"line":20,"column":17},"end":{"line":20,"column":62}}},"2":{"name":"(anonymous_2)","line":35,"loc":{"start":{"line":35,"column":16},"end":{"line":35,"column":51}}},"3":{"name":"(anonymous_3)","line":36,"loc":{"start":{"line":36,"column":36},"end":{"line":36,"column":55}}},"4":{"name":"(anonymous_4)","line":55,"loc":{"start":{"line":55,"column":26},"end":{"line":55,"column":56}}},"5":{"name":"(anonymous_5)","line":64,"loc":{"start":{"line":64,"column":23},"end":{"line":64,"column":48}}},"6":{"name":"(anonymous_6)","line":75,"loc":{"start":{"line":75,"column":25},"end":{"line":75,"column":43}}}},"statementMap":{"1":{"start":{"line":3,"column":0},"end":{"line":3,"column":31}},"2":{"start":{"line":4,"column":0},"end":{"line":4,"column":46}},"3":{"start":{"line":6,"column":0},"end":{"line":6,"column":51}},"4":{"start":{"line":7,"column":0},"end":{"line":7,"column":35}},"5":{"start":{"line":8,"column":0},"end":{"line":8,"column":55}},"6":{"start":{"line":10,"column":0},"end":{"line":10,"column":33}},"7":{"start":{"line":11,"column":0},"end":{"line":11,"column":34}},"8":{"start":{"line":12,"column":0},"end":{"line":12,"column":20}},"9":{"start":{"line":14,"column":0},"end":{"line":14,"column":20}},"10":{"start":{"line":16,"column":0},"end":{"line":16,"column":23}},"11":{"start":{"line":17,"column":0},"end":{"line":17,"column":35}},"12":{"start":{"line":20,"column":0},"end":{"line":32,"column":2}},"13":{"start":{"line":22,"column":2},"end":{"line":22,"column":75}},"14":{"start":{"line":23,"column":2},"end":{"line":24,"column":63}},"15":{"start":{"line":24,"column":4},"end":{"line":24,"column":63}},"16":{"start":{"line":27,"column":2},"end":{"line":27,"column":61}},"17":{"start":{"line":28,"column":2},"end":{"line":28,"column":48}},"18":{"start":{"line":29,"column":2},"end":{"line":29,"column":41}},"19":{"start":{"line":31,"column":2},"end":{"line":31,"column":62}},"20":{"start":{"line":35,"column":0},"end":{"line":52,"column":2}},"21":{"start":{"line":36,"column":2},"end":{"line":51,"column":5}},"22":{"start":{"line":37,"column":4},"end":{"line":38,"column":27}},"23":{"start":{"line":38,"column":6},"end":{"line":38,"column":27}},"24":{"start":{"line":39,"column":4},"end":{"line":40,"column":47}},"25":{"start":{"line":40,"column":6},"end":{"line":40,"column":47}},"26":{"start":{"line":43,"column":4},"end":{"line":43,"column":67}},"27":{"start":{"line":44,"column":4},"end":{"line":44,"column":50}},"28":{"start":{"line":45,"column":4},"end":{"line":45,"column":49}},"29":{"start":{"line":46,"column":4},"end":{"line":47,"column":47}},"30":{"start":{"line":47,"column":6},"end":{"line":47,"column":47}},"31":{"start":{"line":50,"column":4},"end":{"line":50,"column":25}},"32":{"start":{"line":55,"column":0},"end":{"line":61,"column":2}},"33":{"start":{"line":57,"column":2},"end":{"line":57,"column":45}},"34":{"start":{"line":58,"column":2},"end":{"line":58,"column":26}},"35":{"start":{"line":59,"column":2},"end":{"line":59,"column":56}},"36":{"start":{"line":60,"column":2},"end":{"line":60,"column":56}},"37":{"start":{"line":64,"column":0},"end":{"line":72,"column":2}},"38":{"start":{"line":65,"column":2},"end":{"line":65,"column":46}},"39":{"start":{"line":66,"column":2},"end":{"line":66,"column":46}},"40":{"start":{"line":67,"column":2},"end":{"line":71,"column":3}},"41":{"start":{"line":68,"column":4},"end":{"line":68,"column":11}},"42":{"start":{"line":70,"column":4},"end":{"line":70,"column":27}},"43":{"start":{"line":75,"column":0},"end":{"line":80,"column":2}},"44":{"start":{"line":76,"column":2},"end":{"line":76,"column":32}},"45":{"start":{"line":77,"column":2},"end":{"line":77,"column":25}},"46":{"start":{"line":78,"column":2},"end":{"line":78,"column":27}},"47":{"start":{"line":79,"column":2},"end":{"line":79,"column":27}}},"branchMap":{"1":{"line":23,"type":"if","locations":[{"start":{"line":23,"column":2},"end":{"line":23,"column":2}},{"start":{"line":23,"column":2},"end":{"line":23,"column":2}}]},"2":{"line":37,"type":"if","locations":[{"start":{"line":37,"column":4},"end":{"line":37,"column":4}},{"start":{"line":37,"column":4},"end":{"line":37,"column":4}}]},"3":{"line":39,"type":"if","locations":[{"start":{"line":39,"column":4},"end":{"line":39,"column":4}},{"start":{"line":39,"column":4},"end":{"line":39,"column":4}}]},"4":{"line":46,"type":"if","locations":[{"start":{"line":46,"column":4},"end":{"line":46,"column":4}},{"start":{"line":46,"column":4},"end":{"line":46,"column":4}}]},"5":{"line":65,"type":"binary-expr","locations":[{"start":{"line":65,"column":14},"end":{"line":65,"column":31}},{"start":{"line":65,"column":35},"end":{"line":65,"column":45}}]},"6":{"line":66,"type":"binary-expr","locations":[{"start":{"line":66,"column":14},"end":{"line":66,"column":31}},{"start":{"line":66,"column":35},"end":{"line":66,"column":45}}]},"7":{"line":67,"type":"if","locations":[{"start":{"line":67,"column":2},"end":{"line":67,"column":2}},{"start":{"line":67,"column":2},"end":{"line":67,"column":2}}]}},"l":{"3":1,"4":1,"6":1,"7":1,"8":1,"10":1,"11":1,"12":1,"14":1,"16":1,"17":1,"20":1,"22":6,"23":6,"24":3,"27":3,"28":3,"29":3,"31":3,"35":1,"36":2,"37":2,"38":0,"39":2,"40":1,"43":1,"44":1,"45":1,"46":1,"47":1,"50":0,"55":1,"57":0,"58":0,"59":0,"60":0,"64":1,"65":0,"66":0,"67":0,"68":0,"70":0,"75":1,"76":0,"77":0,"78":0,"79":0}},
"/var/www/server/service/util.js":{"path":"/var/www/server/service/util.js","s":{"1":1,"2":1,"3":1,"4":1,"5":1,"6":5,"7":4,"8":1,"9":1,"10":1,"11":8,"12":8,"13":1},"b":{"1":[4,1]},"f":{"1":5},"fnMap":{"1":{"name":"(anonymous_1)","line":11,"loc":{"start":{"line":11,"column":23},"end":{"line":11,"column":39}}}},"statementMap":{"1":{"start":{"line":3,"column":0},"end":{"line":3,"column":51}},"2":{"start":{"line":4,"column":0},"end":{"line":4,"column":35}},"3":{"start":{"line":6,"column":0},"end":{"line":6,"column":69}},"4":{"start":{"line":8,"column":0},"end":{"line":8,"column":78}},"5":{"start":{"line":11,"column":0},"end":{"line":23,"column":2}},"6":{"start":{"line":13,"column":2},"end":{"line":14,"column":52}},"7":{"start":{"line":14,"column":4},"end":{"line":14,"column":52}},"8":{"start":{"line":16,"column":2},"end":{"line":16,"column":31}},"9":{"start":{"line":17,"column":2},"end":{"line":17,"column":21}},"10":{"start":{"line":18,"column":2},"end":{"line":21,"column":3}},"11":{"start":{"line":19,"column":4},"end":{"line":19,"column":57}},"12":{"start":{"line":20,"column":4},"end":{"line":20,"column":36}},"13":{"start":{"line":22,"column":2},"end":{"line":22,"column":19}}},"branchMap":{"1":{"line":13,"type":"if","locations":[{"start":{"line":13,"column":2},"end":{"line":13,"column":2}},{"start":{"line":13,"column":2},"end":{"line":13,"column":2}}]}},"l":{"3":1,"4":1,"6":1,"8":1,"11":1,"13":5,"14":4,"16":1,"17":1,"18":1,"19":8,"20":8,"22":1}}}
