TN:
SF:/var/www/server/service/account.js
FN:20,(anonymous_1)
FN:35,(anonymous_2)
FN:36,(anonymous_3)
FN:55,(anonymous_4)
FN:64,(anonymous_5)
FN:75,(anonymous_6)
FNF:6
FNH:3
FNDA:6,(anonymous_1)
FNDA:2,(anonymous_2)
FNDA:2,(anonymous_3)
FNDA:0,(anonymous_4)
FNDA:0,(anonymous_5)
FNDA:0,(anonymous_6)
DA:3,1
DA:4,1
DA:6,1
DA:7,1
DA:8,1
DA:10,1
DA:11,1
DA:12,1
DA:14,1
DA:16,1
DA:17,1
DA:20,1
DA:22,6
DA:23,6
DA:24,3
DA:27,3
DA:28,3
DA:29,3
DA:31,3
DA:35,1
DA:36,2
DA:37,2
DA:38,0
DA:39,2
DA:40,1
DA:43,1
DA:44,1
DA:45,1
DA:46,1
DA:47,1
DA:50,0
DA:55,1
DA:57,0
DA:58,0
DA:59,0
DA:60,0
DA:64,1
DA:65,0
DA:66,0
DA:67,0
DA:68,0
DA:70,0
DA:75,1
DA:76,0
DA:77,0
DA:78,0
DA:79,0
LF:47
LH:32
BRDA:23,1,0,3
BRDA:23,1,1,3
BRDA:37,2,0,0
BRDA:37,2,1,2
BRDA:39,3,0,1
BRDA:39,3,1,1
BRDA:46,4,0,1
BRDA:46,4,1,0
BRDA:65,5,0,0
BRDA:65,5,1,0
BRDA:66,6,0,0
BRDA:66,6,1,0
BRDA:67,7,0,0
BRDA:67,7,1,0
BRF:14
BRH:6
end_of_record
TN:
SF:/var/www/server/service/util.js
FN:11,(anonymous_1)
FNF:1
FNH:1
FNDA:5,(anonymous_1)
DA:3,1
DA:4,1
DA:6,1
DA:8,1
DA:11,1
DA:13,5
DA:14,4
DA:16,1
DA:17,1
DA:18,1
DA:19,8
DA:20,8
DA:22,1
LF:13
LH:13
BRDA:13,1,0,4
BRDA:13,1,1,1
BRF:2
BRH:2
end_of_record
